<?xml version="1.0" encoding="UTF-8"?><testsuite errors="2" failures="7" name="Grupo de casos pasar plata a cuenta" skipped="0" tests="12" time="2471.3" timestamp="2024-07-19 11:10:44"><testcase name="CP02390M_SYS_Validar proceso de pasar plata a un numero que no es correcto desde el menú home"/><testcase name="CP02457M_SYS_Validar proceso de pasar plata cuenta ahorro desde el Home de daviplata"/><testcase name="CP02458M_SYS_Validar proceso de pasar plata cuenta ahorro por valor cero desde el Home de daviplata el sistema no deje"><error message="An unknown server-side error occurred while processing the command. Original error: Could not proxy command to the remote server. Original error: connect ECONNREFUSED 127.0.0.1:8100&#10;Build info: version: '3.14.0', revision: 'aacccce0', time: '2018-08-02T20:19:58.91Z'&#10;System info: host: 'JPDONGUT-JW37PV36DC', ip: 'fe80:0:0:0:1881:8fe9:dda3:b69e%en0', os.name: 'Mac OS X', os.arch: 'x86_64', os.version: '14.3.1', java.version: '1.8.0_411'&#10;Driver info: io.appium.java_client.AppiumDriver&#10;Capabilities {autoAcceptAlerts: true, automationName: XCUITest, browserName: , bundleId: com.daviplatavalid.lab, databaseEnabled: false, deviceName: iPhone 12, javascriptEnabled: true, locationContextEnabled: false, networkConnectionEnabled: false, newCommandTimeout: 240, noReset: false, platform: MAC, platformName: MAC, platformVersion: 17.5, showXcodelog: true, skipUnlock: true, takesScreenshot: true, udid: 00008101-000E35003688801E, webStorageEnabled: false}&#10;Session ID: 29e6e0bb-d0dc-4964-8013-3075d0e71c4f&#10;Build info: version: '3.14.0', revision: 'aacccce0', time: '2018-08-02T20:19:58.91Z'&#10;System info: host: 'JPDONGUT-JW37PV36DC', ip: 'fe80:0:0:0:1881:8fe9:dda3:b69e%en0', os.name: 'Mac OS X', os.arch: 'x86_64', os.version: '14.3.1', java.version: '1.8.0_411'&#10;Driver info: driver.version: AppiumDriver" type="org.openqa.selenium.WebDriverException">An unknown server-side error occurred while processing the command. Original error: Could not proxy command to the remote server. Original error: connect ECONNREFUSED 127.0.0.1:8100
Build info: version: '3.14.0', revision: 'aacccce0', time: '2018-08-02T20:19:58.91Z'
System info: host: 'JPDONGUT-JW37PV36DC', ip: 'fe80:0:0:0:1881:8fe9:dda3:b69e%en0', os.name: 'Mac OS X', os.arch: 'x86_64', os.version: '14.3.1', java.version: '1.8.0_411'
Driver info: io.appium.java_client.AppiumDriver
Capabilities {autoAcceptAlerts: true, automationName: XCUITest, browserName: , bundleId: com.daviplatavalid.lab, databaseEnabled: false, deviceName: iPhone 12, javascriptEnabled: true, locationContextEnabled: false, networkConnectionEnabled: false, newCommandTimeout: 240, noReset: false, platform: MAC, platformName: MAC, platformVersion: 17.5, showXcodelog: true, skipUnlock: true, takesScreenshot: true, udid: 00008101-000E35003688801E, webStorageEnabled: false}
Session ID: 29e6e0bb-d0dc-4964-8013-3075d0e71c4f
Build info: version: '3.14.0', revision: 'aacccce0', time: '2018-08-02T20:19:58.91Z'
System info: host: 'JPDONGUT-JW37PV36DC', ip: 'fe80:0:0:0:1881:8fe9:dda3:b69e%en0', os.name: 'Mac OS X', os.arch: 'x86_64', os.version: '14.3.1', java.version: '1.8.0_411'
Driver info: driver.version: AppiumDriver</error><system-err>An unknown server-side error occurred while processing the command. Original error: Could not proxy command to the remote server. Original error: connect ECONNREFUSED 127.0.0.1:8100
Build info: version: '3.14.0', revision: 'aacccce0', time: '2018-08-02T20:19:58.91Z'
System info: host: 'JPDONGUT-JW37PV36DC', ip: 'fe80:0:0:0:1881:8fe9:dda3:b69e%en0', os.name: 'Mac OS X', os.arch: 'x86_64', os.version: '14.3.1', java.version: '1.8.0_411'
Driver info: io.appium.java_client.AppiumDriver
Capabilities {autoAcceptAlerts: true, automationName: XCUITest, browserName: , bundleId: com.daviplatavalid.lab, databaseEnabled: false, deviceName: iPhone 12, javascriptEnabled: true, locationContextEnabled: false, networkConnectionEnabled: false, newCommandTimeout: 240, noReset: false, platform: MAC, platformName: MAC, platformVersion: 17.5, showXcodelog: true, skipUnlock: true, takesScreenshot: true, udid: 00008101-000E35003688801E, webStorageEnabled: false}
Session ID: 29e6e0bb-d0dc-4964-8013-3075d0e71c4f
Build info: version: '3.14.0', revision: 'aacccce0', time: '2018-08-02T20:19:58.91Z'
System info: host: 'JPDONGUT-JW37PV36DC', ip: 'fe80:0:0:0:1881:8fe9:dda3:b69e%en0', os.name: 'Mac OS X', os.arch: 'x86_64', os.version: '14.3.1', java.version: '1.8.0_411'
Driver info: driver.version: AppiumDriver
io.appium.java_client.remote.AppiumCommandExecutor.execute(AppiumCommandExecutor.java:231)
io.appium.java_client.DefaultGenericMobileDriver.execute(DefaultGenericMobileDriver.java:42)
io.appium.java_client.AppiumDriver.execute(AppiumDriver.java:1)
daviplata.nacional.iOS.definitions.Hooks.FinalizarTests(Hooks.java:90)
cucumber.runner.UnskipableStep.executeStep(UnskipableStep.java:22)
cucumber.runner.Runner.runPickle(Runner.java:80)
daviplata.nacional.iOS.runners.RunnerPersonalizado.run(RunnerPersonalizado.java:63)
org.eclipse.jdt.internal.junit4.runner.JUnit4TestReference.run(JUnit4TestReference.java:93)
org.eclipse.jdt.internal.junit.runner.TestExecution.run(TestExecution.java:40)
org.eclipse.jdt.internal.junit.runner.RemoteTestRunner.runTests(RemoteTestRunner.java:529)
org.eclipse.jdt.internal.junit.runner.RemoteTestRunner.runTests(RemoteTestRunner.java:756)
org.eclipse.jdt.internal.junit.runner.RemoteTestRunner.run(RemoteTestRunner.java:452)
org.eclipse.jdt.internal.junit.runner.RemoteTestRunner.main(RemoteTestRunner.java:210)
</system-err></testcase><testcase name="CP02459M_SYS_Validar proceso de pasar plata cuenta ahorro por valor 1 desde el Home de daviplata el sistema deje"/><testcase name="CP02461M_SYS_Validar proceso de pasar plata cuenta ahorro desde el Home de daviplata cuando el origen tiene tope de debitos"><failure type="java.lang.AssertionError"/><system-err>null
daviplata.nacional.iOS.pageObjects.PasarPlataPageObjects.validarTransaccionNegada(PasarPlataPageObjects.java:1984)
daviplata.nacional.iOS.steps.PasarPlataSteps.validarTransaccionNegada(PasarPlataSteps.java:1107)
daviplata.nacional.iOS.definitions.PasarPlataDefinitions.validarTransaccionNegada(PasarPlataDefinitions.java:346)
cucumber.runner.Runner.runPickle(Runner.java:80)
daviplata.nacional.iOS.runners.RunnerPersonalizado.run(RunnerPersonalizado.java:63)
org.eclipse.jdt.internal.junit4.runner.JUnit4TestReference.run(JUnit4TestReference.java:93)
org.eclipse.jdt.internal.junit.runner.TestExecution.run(TestExecution.java:40)
org.eclipse.jdt.internal.junit.runner.RemoteTestRunner.runTests(RemoteTestRunner.java:529)
org.eclipse.jdt.internal.junit.runner.RemoteTestRunner.runTests(RemoteTestRunner.java:756)
org.eclipse.jdt.internal.junit.runner.RemoteTestRunner.run(RemoteTestRunner.java:452)
org.eclipse.jdt.internal.junit.runner.RemoteTestRunner.main(RemoteTestRunner.java:210)
</system-err></testcase><testcase name="CP02462M_SYS_Validar proceso de pasar plata cuenta ahorro desde el Home de daviplata cuando el origen tiene tope de creditos"><error type="java.lang.NullPointerException"/><system-err>null
daviplata.nacional.iOS.steps.PasarPlataSteps.verificarTransaccionExitosaPasarPlata(PasarPlataSteps.java:1911)
daviplata.nacional.iOS.definitions.PasarPlataDefinitions.validarTransaccionExitosaPasarPlata(PasarPlataDefinitions.java:839)
✽.validar transaccion exitosa Pasar Plata(src/test/resources/features/PasarPlataCuenta.feature:112)
</system-err></testcase><testcase name="CP02463M_SYS_Validar topes de pasar plata de monedero a cuenta ahorro por subtipo BMO con origen en tope de debitos desde Home de daviplata"><failure message="No se pudo consultar el subtipo del usuario debido a &#10;Expected: &quot;BMO&quot;&#10;     but: was &quot;M29&quot;" type="java.lang.AssertionError">No se pudo consultar el subtipo del usuario debido a 
Expected: "BMO"
     but: was "M29"</failure><system-err>No se pudo consultar el subtipo del usuario debido a 
Expected: "BMO"
     but: was "M29"
daviplata.nacional.iOS.steps.WebRedebanSteps.consultasubtipoTopes(WebRedebanSteps.java:949)
daviplata.nacional.iOS.definitions.PasarPlataDefinitions.validarEnRedebanSubtipo(PasarPlataDefinitions.java:678)
cucumber.runner.Runner.runPickle(Runner.java:80)
daviplata.nacional.iOS.runners.RunnerPersonalizado.run(RunnerPersonalizado.java:63)
org.eclipse.jdt.internal.junit4.runner.JUnit4TestReference.run(JUnit4TestReference.java:93)
org.eclipse.jdt.internal.junit.runner.TestExecution.run(TestExecution.java:40)
org.eclipse.jdt.internal.junit.runner.RemoteTestRunner.runTests(RemoteTestRunner.java:529)
org.eclipse.jdt.internal.junit.runner.RemoteTestRunner.runTests(RemoteTestRunner.java:756)
org.eclipse.jdt.internal.junit.runner.RemoteTestRunner.run(RemoteTestRunner.java:452)
org.eclipse.jdt.internal.junit.runner.RemoteTestRunner.main(RemoteTestRunner.java:210)
</system-err></testcase><testcase name="CP02464M_SYS_Validar topes de pasar plata de monedero a cuenta ahorro por subtipo RA3 con origenten en tope de debitos desde Home de daviplata"><failure message="No se pudo consultar el subtipo del usuario debido a &#10;Expected: &quot;RA3&quot;&#10;     but: was &quot;M35&quot;" type="java.lang.AssertionError">No se pudo consultar el subtipo del usuario debido a 
Expected: "RA3"
     but: was "M35"</failure><system-err>No se pudo consultar el subtipo del usuario debido a 
Expected: "RA3"
     but: was "M35"
daviplata.nacional.iOS.steps.WebRedebanSteps.consultasubtipoTopes(WebRedebanSteps.java:949)
daviplata.nacional.iOS.definitions.PasarPlataDefinitions.validarEnRedebanSubtipo(PasarPlataDefinitions.java:678)
cucumber.runner.Runner.runPickle(Runner.java:80)
daviplata.nacional.iOS.runners.RunnerPersonalizado.run(RunnerPersonalizado.java:63)
org.eclipse.jdt.internal.junit4.runner.JUnit4TestReference.run(JUnit4TestReference.java:93)
org.eclipse.jdt.internal.junit.runner.TestExecution.run(TestExecution.java:40)
org.eclipse.jdt.internal.junit.runner.RemoteTestRunner.runTests(RemoteTestRunner.java:529)
org.eclipse.jdt.internal.junit.runner.RemoteTestRunner.runTests(RemoteTestRunner.java:756)
org.eclipse.jdt.internal.junit.runner.RemoteTestRunner.run(RemoteTestRunner.java:452)
org.eclipse.jdt.internal.junit.runner.RemoteTestRunner.main(RemoteTestRunner.java:210)
</system-err></testcase><testcase name="CP02465M_SYS_Validar topes de pasar plata de monedero a cuenta ahorro por subtipo D11 con origenten en tope de debitos desde Home de daviplata"><failure message="No se encontró el elemento: //XCUIElementTypeStaticText[@value='Mis bolsillos'], debido a: Expected condition failed: waiting for visibility of element located by By.xpath: //XCUIElementTypeStaticText[@value='Mis bolsillos'] (tried for 5 second(s) with 500 milliseconds interval)&#10;Build info: version: '3.14.0', revision: 'aacccce0', time: '2018-08-02T20:19:58.91Z'&#10;System info: host: 'JPDONGUT-JW37PV36DC', ip: 'fe80:0:0:0:1881:8fe9:dda3:b69e%en0', os.name: 'Mac OS X', os.arch: 'x86_64', os.version: '14.3.1', java.version: '1.8.0_411'&#10;Driver info: io.appium.java_client.AppiumDriver&#10;Capabilities {autoAcceptAlerts: true, automationName: XCUITest, browserName: , bundleId: com.daviplatavalid.lab, databaseEnabled: false, deviceName: iPhone 12, javascriptEnabled: true, locationContextEnabled: false, networkConnectionEnabled: false, newCommandTimeout: 240, noReset: false, platform: MAC, platformName: MAC, platformVersion: 17.5, showXcodelog: true, skipUnlock: true, takesScreenshot: true, udid: 00008101-000E35003688801E, webStorageEnabled: false}&#10;Session ID: 8e025a59-a289-4282-94fb-1ad12ddf9569" type="java.lang.AssertionError">No se encontró el elemento: //XCUIElementTypeStaticText[@value='Mis bolsillos'], debido a: Expected condition failed: waiting for visibility of element located by By.xpath: //XCUIElementTypeStaticText[@value='Mis bolsillos'] (tried for 5 second(s) with 500 milliseconds interval)
Build info: version: '3.14.0', revision: 'aacccce0', time: '2018-08-02T20:19:58.91Z'
System info: host: 'JPDONGUT-JW37PV36DC', ip: 'fe80:0:0:0:1881:8fe9:dda3:b69e%en0', os.name: 'Mac OS X', os.arch: 'x86_64', os.version: '14.3.1', java.version: '1.8.0_411'
Driver info: io.appium.java_client.AppiumDriver
Capabilities {autoAcceptAlerts: true, automationName: XCUITest, browserName: , bundleId: com.daviplatavalid.lab, databaseEnabled: false, deviceName: iPhone 12, javascriptEnabled: true, locationContextEnabled: false, networkConnectionEnabled: false, newCommandTimeout: 240, noReset: false, platform: MAC, platformName: MAC, platformVersion: 17.5, showXcodelog: true, skipUnlock: true, takesScreenshot: true, udid: 00008101-000E35003688801E, webStorageEnabled: false}
Session ID: 8e025a59-a289-4282-94fb-1ad12ddf9569</failure><system-err>No se encontró el elemento: //XCUIElementTypeStaticText[@value='Mis bolsillos'], debido a: Expected condition failed: waiting for visibility of element located by By.xpath: //XCUIElementTypeStaticText[@value='Mis bolsillos'] (tried for 5 second(s) with 500 milliseconds interval)
Build info: version: '3.14.0', revision: 'aacccce0', time: '2018-08-02T20:19:58.91Z'
System info: host: 'JPDONGUT-JW37PV36DC', ip: 'fe80:0:0:0:1881:8fe9:dda3:b69e%en0', os.name: 'Mac OS X', os.arch: 'x86_64', os.version: '14.3.1', java.version: '1.8.0_411'
Driver info: io.appium.java_client.AppiumDriver
Capabilities {autoAcceptAlerts: true, automationName: XCUITest, browserName: , bundleId: com.daviplatavalid.lab, databaseEnabled: false, deviceName: iPhone 12, javascriptEnabled: true, locationContextEnabled: false, networkConnectionEnabled: false, newCommandTimeout: 240, noReset: false, platform: MAC, platformName: MAC, platformVersion: 17.5, showXcodelog: true, skipUnlock: true, takesScreenshot: true, udid: 00008101-000E35003688801E, webStorageEnabled: false}
Session ID: 8e025a59-a289-4282-94fb-1ad12ddf9569
daviplata.nacional.iOS.utilidades.UtilidadesTCS.esperarElementVisibility(UtilidadesTCS.java:401)
daviplata.nacional.iOS.utilidades.UtilidadesTCS.esperarElementVisibility(UtilidadesTCS.java:399)
daviplata.nacional.iOS.utilidades.UtilidadesTCS.esperarElementVisibility(UtilidadesTCS.java:399)
daviplata.nacional.iOS.utilidades.UtilidadesTCS.esperarElementVisibility(UtilidadesTCS.java:399)
daviplata.nacional.iOS.utilidades.UtilidadesTCS.esperarElementVisibility(UtilidadesTCS.java:399)
daviplata.nacional.iOS.steps.LoginSteps.ingresarAApp(LoginSteps.java:235)
daviplata.nacional.iOS.definitions.LoginDefinitions.ingresoUsuarioYContrasena(LoginDefinitions.java:45)
✽.ingreso usuario y contrasena "CC" "10007749" "1234"(src/test/resources/features/PasarPlataCuenta.feature:172)
</system-err></testcase><testcase name="CP02466M_SYS_Validar topes de pasar plata de monedero a cuenta ahorro por subtipo M35 con origenten en tope de debitos desde Home de daviplata"><failure message="No se pudo interactuar con el elemento: //XCUIElementTypeButton[@name='Menu de conocimiento']" type="java.lang.AssertionError">No se pudo interactuar con el elemento: //XCUIElementTypeButton[@name='Menu de conocimiento']</failure><system-err>No se pudo interactuar con el elemento: //XCUIElementTypeButton[@name='Menu de conocimiento']
daviplata.nacional.iOS.utilidades.UtilidadesTCS.validateElementVisibility(UtilidadesTCS.java:301)
daviplata.nacional.iOS.steps.LoginSteps.ingresarAApp(LoginSteps.java:129)
daviplata.nacional.iOS.definitions.LoginDefinitions.ingresoUsuarioYContrasena(LoginDefinitions.java:45)
✽.ingreso usuario y contrasena "CC" "10050112" "2589"(src/test/resources/features/PasarPlataCuenta.feature:193)
</system-err></testcase><testcase name="CP02467M_SYS_Validar topes de pasar plata de monedero a cuenta ahorro por subtipo MET con origenten en tope de debitos desde Home de daviplata"><failure message="No se pudo consultar el subtipo del usuario debido a &#10;Expected: &quot;MET&quot;&#10;     but: was &quot;M35&quot;" type="java.lang.AssertionError">No se pudo consultar el subtipo del usuario debido a 
Expected: "MET"
     but: was "M35"</failure><system-err>No se pudo consultar el subtipo del usuario debido a 
Expected: "MET"
     but: was "M35"
daviplata.nacional.iOS.steps.WebRedebanSteps.consultasubtipoTopes(WebRedebanSteps.java:949)
daviplata.nacional.iOS.definitions.PasarPlataDefinitions.validarEnRedebanSubtipo(PasarPlataDefinitions.java:678)
cucumber.runner.Runner.runPickle(Runner.java:80)
daviplata.nacional.iOS.runners.RunnerPersonalizado.run(RunnerPersonalizado.java:63)
org.eclipse.jdt.internal.junit4.runner.JUnit4TestReference.run(JUnit4TestReference.java:93)
org.eclipse.jdt.internal.junit.runner.TestExecution.run(TestExecution.java:40)
org.eclipse.jdt.internal.junit.runner.RemoteTestRunner.runTests(RemoteTestRunner.java:529)
org.eclipse.jdt.internal.junit.runner.RemoteTestRunner.runTests(RemoteTestRunner.java:756)
org.eclipse.jdt.internal.junit.runner.RemoteTestRunner.run(RemoteTestRunner.java:452)
org.eclipse.jdt.internal.junit.runner.RemoteTestRunner.main(RemoteTestRunner.java:210)
</system-err></testcase><testcase name="CP02468M_SYS_Validar topes de pasar plata de monedero a cuenta ahorro por subtipo RA1 con origenten en tope de debitos desde Home de daviplata"><failure message="No se pudo consultar el subtipo del usuario debido a &#10;Expected: &quot;RA1&quot;&#10;     but: was &quot;BTI&quot;" type="java.lang.AssertionError">No se pudo consultar el subtipo del usuario debido a 
Expected: "RA1"
     but: was "BTI"</failure><system-err>No se pudo consultar el subtipo del usuario debido a 
Expected: "RA1"
     but: was "BTI"
daviplata.nacional.iOS.steps.WebRedebanSteps.consultasubtipoTopes(WebRedebanSteps.java:949)
daviplata.nacional.iOS.definitions.PasarPlataDefinitions.validarEnRedebanSubtipo(PasarPlataDefinitions.java:678)
cucumber.runner.Runner.runPickle(Runner.java:80)
daviplata.nacional.iOS.runners.RunnerPersonalizado.run(RunnerPersonalizado.java:63)
org.eclipse.jdt.internal.junit4.runner.JUnit4TestReference.run(JUnit4TestReference.java:93)
org.eclipse.jdt.internal.junit.runner.TestExecution.run(TestExecution.java:40)
org.eclipse.jdt.internal.junit.runner.RemoteTestRunner.runTests(RemoteTestRunner.java:529)
org.eclipse.jdt.internal.junit.runner.RemoteTestRunner.runTests(RemoteTestRunner.java:756)
org.eclipse.jdt.internal.junit.runner.RemoteTestRunner.run(RemoteTestRunner.java:452)
org.eclipse.jdt.internal.junit.runner.RemoteTestRunner.main(RemoteTestRunner.java:210)
</system-err></testcase></testsuite>