<?xml version="1.0" encoding="UTF-8"?><testsuite errors="2" failures="6" name="Agrupacion de casos de ecard" skipped="0" tests="16" time="2990.87" timestamp="2024-07-22 10:27:05"><testcase name="CP0841M_SYS_Validar proceso de creación de tarjeta virtual desde el Home del daviplata"><failure message="No se encontró texto '¿No tiene tarjeta para hacer compras por internet?' en creación de tarjeta crédito, debido a: An element could not be located on the page using the given search parameters.&#10;For documentation on this error, please visit: http://seleniumhq.org/exceptions/no_such_element.html&#10;Build info: version: '3.14.0', revision: 'aacccce0', time: '2018-08-02T20:19:58.91Z'&#10;System info: host: 'JPDONGUT-JW37PV36DC', ip: 'fe80:0:0:0:1881:8fe9:dda3:b69e%en0', os.name: 'Mac OS X', os.arch: 'x86_64', os.version: '14.3.1', java.version: '1.8.0_411'&#10;Driver info: io.appium.java_client.AppiumDriver&#10;Capabilities {autoAcceptAlerts: true, automationName: XCUITest, browserName: , bundleId: com.daviplatavalid.lab, databaseEnabled: false, deviceName: iPhone 12, javascriptEnabled: true, locationContextEnabled: false, networkConnectionEnabled: false, newCommandTimeout: 240, noReset: false, platform: MAC, platformName: MAC, platformVersion: 17.5, showXcodelog: true, skipUnlock: true, takesScreenshot: true, udid: 00008101-000E35003688801E, webStorageEnabled: false}&#10;Session ID: 3d662af3-7575-4561-8205-76bb44142ab8&#10;*** Element info: {Using=xpath, value=//XCUIElementTypeStaticText[@name='¿No tiene tarjeta para hacer compras por internet? ']}" type="java.lang.AssertionError">No se encontró texto '¿No tiene tarjeta para hacer compras por internet?' en creación de tarjeta crédito, debido a: An element could not be located on the page using the given search parameters.
For documentation on this error, please visit: http://seleniumhq.org/exceptions/no_such_element.html
Build info: version: '3.14.0', revision: 'aacccce0', time: '2018-08-02T20:19:58.91Z'
System info: host: 'JPDONGUT-JW37PV36DC', ip: 'fe80:0:0:0:1881:8fe9:dda3:b69e%en0', os.name: 'Mac OS X', os.arch: 'x86_64', os.version: '14.3.1', java.version: '1.8.0_411'
Driver info: io.appium.java_client.AppiumDriver
Capabilities {autoAcceptAlerts: true, automationName: XCUITest, browserName: , bundleId: com.daviplatavalid.lab, databaseEnabled: false, deviceName: iPhone 12, javascriptEnabled: true, locationContextEnabled: false, networkConnectionEnabled: false, newCommandTimeout: 240, noReset: false, platform: MAC, platformName: MAC, platformVersion: 17.5, showXcodelog: true, skipUnlock: true, takesScreenshot: true, udid: 00008101-000E35003688801E, webStorageEnabled: false}
Session ID: 3d662af3-7575-4561-8205-76bb44142ab8
*** Element info: {Using=xpath, value=//XCUIElementTypeStaticText[@name='¿No tiene tarjeta para hacer compras por internet? ']}</failure><system-err>No se encontró texto '¿No tiene tarjeta para hacer compras por internet?' en creación de tarjeta crédito, debido a: An element could not be located on the page using the given search parameters.
For documentation on this error, please visit: http://seleniumhq.org/exceptions/no_such_element.html
Build info: version: '3.14.0', revision: 'aacccce0', time: '2018-08-02T20:19:58.91Z'
System info: host: 'JPDONGUT-JW37PV36DC', ip: 'fe80:0:0:0:1881:8fe9:dda3:b69e%en0', os.name: 'Mac OS X', os.arch: 'x86_64', os.version: '14.3.1', java.version: '1.8.0_411'
Driver info: io.appium.java_client.AppiumDriver
Capabilities {autoAcceptAlerts: true, automationName: XCUITest, browserName: , bundleId: com.daviplatavalid.lab, databaseEnabled: false, deviceName: iPhone 12, javascriptEnabled: true, locationContextEnabled: false, networkConnectionEnabled: false, newCommandTimeout: 240, noReset: false, platform: MAC, platformName: MAC, platformVersion: 17.5, showXcodelog: true, skipUnlock: true, takesScreenshot: true, udid: 00008101-000E35003688801E, webStorageEnabled: false}
Session ID: 3d662af3-7575-4561-8205-76bb44142ab8
*** Element info: {Using=xpath, value=//XCUIElementTypeStaticText[@name='¿No tiene tarjeta para hacer compras por internet? ']}
daviplata.nacional.iOS.pageObjects.EcardPageObject.verificoQueElClienteNoTengaEcard(EcardPageObject.java:140)
daviplata.nacional.iOS.pageObjects.EcardPageObject.verificoQueElClienteNoTengaEcard(EcardPageObject.java:138)
daviplata.nacional.iOS.pageObjects.EcardPageObject.verificoQueElClienteNoTengaEcard(EcardPageObject.java:138)
daviplata.nacional.iOS.pageObjects.EcardPageObject.verificoQueElClienteNoTengaEcard(EcardPageObject.java:138)
daviplata.nacional.iOS.pageObjects.EcardPageObject.verificoVisualizacionTextoElClienteNoTieneEcard(EcardPageObject.java:121)
daviplata.nacional.iOS.steps.EcardSteps.creoTarjetaVirtual(EcardSteps.java:76)
daviplata.nacional.iOS.definitions.EcardDefinitions.crearTarjetaDeCredito(EcardDefinitions.java:34)
cucumber.runner.Runner.runPickle(Runner.java:80)
daviplata.nacional.iOS.runners.RunnerPersonalizado.run(RunnerPersonalizado.java:63)
org.eclipse.jdt.internal.junit4.runner.JUnit4TestReference.run(JUnit4TestReference.java:93)
org.eclipse.jdt.internal.junit.runner.TestExecution.run(TestExecution.java:40)
org.eclipse.jdt.internal.junit.runner.RemoteTestRunner.runTests(RemoteTestRunner.java:529)
org.eclipse.jdt.internal.junit.runner.RemoteTestRunner.runTests(RemoteTestRunner.java:756)
org.eclipse.jdt.internal.junit.runner.RemoteTestRunner.run(RemoteTestRunner.java:452)
org.eclipse.jdt.internal.junit.runner.RemoteTestRunner.main(RemoteTestRunner.java:210)
</system-err></testcase><testcase name="CP0842M_SYS_Validar el proceso de recargar la tarjeta Virtual"/><testcase name="CP1062M_SYS_Validar el proceso de bloqueo de la tarjeta Virtual"><failure message="No se pudo interactuar con el elemento: //XCUIElementTypeImage[@name='notif_bkg']//following-sibling::XCUIElementTypeStaticText" type="java.lang.AssertionError">No se pudo interactuar con el elemento: //XCUIElementTypeImage[@name='notif_bkg']//following-sibling::XCUIElementTypeStaticText</failure><system-err>No se pudo interactuar con el elemento: //XCUIElementTypeImage[@name='notif_bkg']//following-sibling::XCUIElementTypeStaticText
daviplata.nacional.iOS.utilidades.UtilidadesTCS.obtenerTexto(UtilidadesTCS.java:162)
daviplata.nacional.iOS.steps.EcardSteps.validoBloqueoTarjeta(EcardSteps.java:307)
daviplata.nacional.iOS.definitions.EcardDefinitions.validoBloqueoTarjeta(EcardDefinitions.java:140)
cucumber.runner.Runner.runPickle(Runner.java:80)
daviplata.nacional.iOS.runners.RunnerPersonalizado.run(RunnerPersonalizado.java:63)
org.eclipse.jdt.internal.junit4.runner.JUnit4TestReference.run(JUnit4TestReference.java:93)
org.eclipse.jdt.internal.junit.runner.TestExecution.run(TestExecution.java:40)
org.eclipse.jdt.internal.junit.runner.RemoteTestRunner.runTests(RemoteTestRunner.java:529)
org.eclipse.jdt.internal.junit.runner.RemoteTestRunner.runTests(RemoteTestRunner.java:756)
org.eclipse.jdt.internal.junit.runner.RemoteTestRunner.run(RemoteTestRunner.java:452)
org.eclipse.jdt.internal.junit.runner.RemoteTestRunner.main(RemoteTestRunner.java:210)
</system-err></testcase><testcase name="CP11630M_SYS_Validar el proceso de mostrar movimientos de la tarjeta virtual"/><testcase name="CP1164M_SYS_Validar el proceso de ver datos de tarjeta virtual"/><testcase name="CP1165M_SYS_Validar mensaje para recarga a tarjeta virtual cuando no hay suficiente disponible"/><testcase name="CP1068M_SYS_Validar tope actual en la recarga Tarjeta virtual"><failure message="No se pudo interactuar con el elemento: //XCUIElementTypeStaticText[contains(@name,'Valor invalido')]" type="java.lang.AssertionError">No se pudo interactuar con el elemento: //XCUIElementTypeStaticText[contains(@name,'Valor invalido')]</failure><system-err>No se pudo interactuar con el elemento: //XCUIElementTypeStaticText[contains(@name,'Valor invalido')]
daviplata.nacional.iOS.utilidades.UtilidadesTCS.obtenerTexto(UtilidadesTCS.java:162)
daviplata.nacional.iOS.steps.EcardSteps.validarMensajeDeTopes(EcardSteps.java:399)
daviplata.nacional.iOS.definitions.EcardDefinitions.validarMensajeDeTopesEnTarjetaVirtual(EcardDefinitions.java:200)
✽.Validar mensaje de topes en tarjeta virtual(src/test/resources/features/Ecard.feature:80)
</system-err></testcase><testcase name="CP0870M_SYS_Validar que se genere el CVV de la eCard,  dando clic al logo de la tarjeta"><error message="Cannot locate an element using By.xpath: /html/body/form/fieldset/div[1]/input&#10;For documentation on this error, please visit: http://seleniumhq.org/exceptions/no_such_element.html&#10;Build info: version: '3.14.0', revision: 'aacccce0', time: '2018-08-02T20:19:58.91Z'&#10;System info: host: 'JPDONGUT-JW37PV36DC', ip: 'fe80:0:0:0:1881:8fe9:dda3:b69e%en0', os.name: 'Mac OS X', os.arch: 'x86_64', os.version: '14.3.1', java.version: '1.8.0_411'&#10;Driver info: driver.version: unknown&#10;For documentation on this error, please visit: http://seleniumhq.org/exceptions/no_such_element.html&#10;Build info: version: '3.14.0', revision: 'aacccce0', time: '2018-08-02T20:19:58.91Z'&#10;System info: host: 'JPDONGUT-JW37PV36DC', ip: 'fe80:0:0:0:1881:8fe9:dda3:b69e%en0', os.name: 'Mac OS X', os.arch: 'x86_64', os.version: '14.3.1', java.version: '1.8.0_411'&#10;Driver info: driver.version: unknown" type="org.openqa.selenium.NoSuchElementException">Cannot locate an element using By.xpath: /html/body/form/fieldset/div[1]/input
For documentation on this error, please visit: http://seleniumhq.org/exceptions/no_such_element.html
Build info: version: '3.14.0', revision: 'aacccce0', time: '2018-08-02T20:19:58.91Z'
System info: host: 'JPDONGUT-JW37PV36DC', ip: 'fe80:0:0:0:1881:8fe9:dda3:b69e%en0', os.name: 'Mac OS X', os.arch: 'x86_64', os.version: '14.3.1', java.version: '1.8.0_411'
Driver info: driver.version: unknown
For documentation on this error, please visit: http://seleniumhq.org/exceptions/no_such_element.html
Build info: version: '3.14.0', revision: 'aacccce0', time: '2018-08-02T20:19:58.91Z'
System info: host: 'JPDONGUT-JW37PV36DC', ip: 'fe80:0:0:0:1881:8fe9:dda3:b69e%en0', os.name: 'Mac OS X', os.arch: 'x86_64', os.version: '14.3.1', java.version: '1.8.0_411'
Driver info: driver.version: unknown</error><system-err>Cannot locate an element using By.xpath: /html/body/form/fieldset/div[1]/input
For documentation on this error, please visit: http://seleniumhq.org/exceptions/no_such_element.html
Build info: version: '3.14.0', revision: 'aacccce0', time: '2018-08-02T20:19:58.91Z'
System info: host: 'JPDONGUT-JW37PV36DC', ip: 'fe80:0:0:0:1881:8fe9:dda3:b69e%en0', os.name: 'Mac OS X', os.arch: 'x86_64', os.version: '14.3.1', java.version: '1.8.0_411'
Driver info: driver.version: unknown
For documentation on this error, please visit: http://seleniumhq.org/exceptions/no_such_element.html
Build info: version: '3.14.0', revision: 'aacccce0', time: '2018-08-02T20:19:58.91Z'
System info: host: 'JPDONGUT-JW37PV36DC', ip: 'fe80:0:0:0:1881:8fe9:dda3:b69e%en0', os.name: 'Mac OS X', os.arch: 'x86_64', os.version: '14.3.1', java.version: '1.8.0_411'
Driver info: driver.version: unknown
daviplata.nacional.iOS.pageObjects.NanocreditoPageObjects.sendKeysInputNumeroCelular(NanocreditoPageObjects.java:306)
daviplata.nacional.iOS.steps.EcardSteps.validarCVVEcard(EcardSteps.java:386)
daviplata.nacional.iOS.definitions.EcardDefinitions.ValidoEnWebConsultas(EcardDefinitions.java:195)
cucumber.runner.Runner.runPickle(Runner.java:80)
daviplata.nacional.iOS.runners.RunnerPersonalizado.run(RunnerPersonalizado.java:63)
org.eclipse.jdt.internal.junit4.runner.JUnit4TestReference.run(JUnit4TestReference.java:93)
org.eclipse.jdt.internal.junit.runner.TestExecution.run(TestExecution.java:40)
org.eclipse.jdt.internal.junit.runner.RemoteTestRunner.runTests(RemoteTestRunner.java:529)
org.eclipse.jdt.internal.junit.runner.RemoteTestRunner.runTests(RemoteTestRunner.java:756)
org.eclipse.jdt.internal.junit.runner.RemoteTestRunner.run(RemoteTestRunner.java:452)
org.eclipse.jdt.internal.junit.runner.RemoteTestRunner.main(RemoteTestRunner.java:210)
</system-err></testcase><testcase name="CP0880M_SYS_Validar que se pueda consultar los datos de la eCard, dando clic al botón de ver datos"/><testcase name="CP0890M_SYS_Validar que se genere el CVV de la eCard, dando clic al botón de ver datos"><error message="Cannot locate an element using By.xpath: /html/body/form/fieldset/div[1]/input&#10;For documentation on this error, please visit: http://seleniumhq.org/exceptions/no_such_element.html&#10;Build info: version: '3.14.0', revision: 'aacccce0', time: '2018-08-02T20:19:58.91Z'&#10;System info: host: 'JPDONGUT-JW37PV36DC', ip: 'fe80:0:0:0:1881:8fe9:dda3:b69e%en0', os.name: 'Mac OS X', os.arch: 'x86_64', os.version: '14.3.1', java.version: '1.8.0_411'&#10;Driver info: driver.version: unknown&#10;For documentation on this error, please visit: http://seleniumhq.org/exceptions/no_such_element.html&#10;Build info: version: '3.14.0', revision: 'aacccce0', time: '2018-08-02T20:19:58.91Z'&#10;System info: host: 'JPDONGUT-JW37PV36DC', ip: 'fe80:0:0:0:1881:8fe9:dda3:b69e%en0', os.name: 'Mac OS X', os.arch: 'x86_64', os.version: '14.3.1', java.version: '1.8.0_411'&#10;Driver info: driver.version: unknown" type="org.openqa.selenium.NoSuchElementException">Cannot locate an element using By.xpath: /html/body/form/fieldset/div[1]/input
For documentation on this error, please visit: http://seleniumhq.org/exceptions/no_such_element.html
Build info: version: '3.14.0', revision: 'aacccce0', time: '2018-08-02T20:19:58.91Z'
System info: host: 'JPDONGUT-JW37PV36DC', ip: 'fe80:0:0:0:1881:8fe9:dda3:b69e%en0', os.name: 'Mac OS X', os.arch: 'x86_64', os.version: '14.3.1', java.version: '1.8.0_411'
Driver info: driver.version: unknown
For documentation on this error, please visit: http://seleniumhq.org/exceptions/no_such_element.html
Build info: version: '3.14.0', revision: 'aacccce0', time: '2018-08-02T20:19:58.91Z'
System info: host: 'JPDONGUT-JW37PV36DC', ip: 'fe80:0:0:0:1881:8fe9:dda3:b69e%en0', os.name: 'Mac OS X', os.arch: 'x86_64', os.version: '14.3.1', java.version: '1.8.0_411'
Driver info: driver.version: unknown</error><system-err>Cannot locate an element using By.xpath: /html/body/form/fieldset/div[1]/input
For documentation on this error, please visit: http://seleniumhq.org/exceptions/no_such_element.html
Build info: version: '3.14.0', revision: 'aacccce0', time: '2018-08-02T20:19:58.91Z'
System info: host: 'JPDONGUT-JW37PV36DC', ip: 'fe80:0:0:0:1881:8fe9:dda3:b69e%en0', os.name: 'Mac OS X', os.arch: 'x86_64', os.version: '14.3.1', java.version: '1.8.0_411'
Driver info: driver.version: unknown
For documentation on this error, please visit: http://seleniumhq.org/exceptions/no_such_element.html
Build info: version: '3.14.0', revision: 'aacccce0', time: '2018-08-02T20:19:58.91Z'
System info: host: 'JPDONGUT-JW37PV36DC', ip: 'fe80:0:0:0:1881:8fe9:dda3:b69e%en0', os.name: 'Mac OS X', os.arch: 'x86_64', os.version: '14.3.1', java.version: '1.8.0_411'
Driver info: driver.version: unknown
daviplata.nacional.iOS.pageObjects.NanocreditoPageObjects.sendKeysInputNumeroCelular(NanocreditoPageObjects.java:306)
daviplata.nacional.iOS.steps.EcardSteps.validarCVVEcard(EcardSteps.java:386)
daviplata.nacional.iOS.definitions.EcardDefinitions.ValidoEnWebConsultas(EcardDefinitions.java:195)
cucumber.runner.Runner.runPickle(Runner.java:80)
daviplata.nacional.iOS.runners.RunnerPersonalizado.run(RunnerPersonalizado.java:63)
org.eclipse.jdt.internal.junit4.runner.JUnit4TestReference.run(JUnit4TestReference.java:93)
org.eclipse.jdt.internal.junit.runner.TestExecution.run(TestExecution.java:40)
org.eclipse.jdt.internal.junit.runner.RemoteTestRunner.runTests(RemoteTestRunner.java:529)
org.eclipse.jdt.internal.junit.runner.RemoteTestRunner.runTests(RemoteTestRunner.java:756)
org.eclipse.jdt.internal.junit.runner.RemoteTestRunner.run(RemoteTestRunner.java:452)
org.eclipse.jdt.internal.junit.runner.RemoteTestRunner.main(RemoteTestRunner.java:210)
</system-err></testcase><testcase name="CP0920M_SYS_Validar que no permita realizar la recarga cuando la tarjeta esta restringida"><failure message="No se encontró mensaje de recarga restringida" type="java.lang.AssertionError">No se encontró mensaje de recarga restringida</failure><system-err>No se encontró mensaje de recarga restringida
daviplata.nacional.iOS.pageObjects.EcardPageObject.validoRecargaRestringida(EcardPageObject.java:264)
daviplata.nacional.iOS.steps.EcardSteps.validoRecargaRestringida(EcardSteps.java:129)
daviplata.nacional.iOS.definitions.EcardDefinitions.validoRecargaNegada(EcardDefinitions.java:118)
cucumber.runner.Runner.runPickle(Runner.java:80)
daviplata.nacional.iOS.runners.RunnerPersonalizado.run(RunnerPersonalizado.java:63)
org.eclipse.jdt.internal.junit4.runner.JUnit4TestReference.run(JUnit4TestReference.java:93)
org.eclipse.jdt.internal.junit.runner.TestExecution.run(TestExecution.java:40)
org.eclipse.jdt.internal.junit.runner.RemoteTestRunner.runTests(RemoteTestRunner.java:529)
org.eclipse.jdt.internal.junit.runner.RemoteTestRunner.runTests(RemoteTestRunner.java:756)
org.eclipse.jdt.internal.junit.runner.RemoteTestRunner.run(RemoteTestRunner.java:452)
org.eclipse.jdt.internal.junit.runner.RemoteTestRunner.main(RemoteTestRunner.java:210)
</system-err></testcase><testcase name="CP0930M_SYS_Validar que no permita realizar la recarga cuando supero cupo de la eCard"><failure message="No se pudo interactuar con el elemento: //XCUIElementTypeStaticText[contains(@name,'Valor invalido')]" type="java.lang.AssertionError">No se pudo interactuar con el elemento: //XCUIElementTypeStaticText[contains(@name,'Valor invalido')]</failure><system-err>No se pudo interactuar con el elemento: //XCUIElementTypeStaticText[contains(@name,'Valor invalido')]
daviplata.nacional.iOS.utilidades.UtilidadesTCS.obtenerTexto(UtilidadesTCS.java:162)
daviplata.nacional.iOS.steps.EcardSteps.validarMensajeDeTopes(EcardSteps.java:399)
daviplata.nacional.iOS.definitions.EcardDefinitions.validarMensajeDeTopesEnTarjetaVirtual(EcardDefinitions.java:200)
✽.Validar mensaje de topes en tarjeta virtual(src/test/resources/features/Ecard.feature:137)
</system-err></testcase><testcase name="CP1071M_SYS_Validar que no permita realizar la recarga cuando supero cupo del DaviPlata"><failure message="No se pudo interactuar con el elemento: //XCUIElementTypeStaticText[contains(@name,'Valor invalido')]" type="java.lang.AssertionError">No se pudo interactuar con el elemento: //XCUIElementTypeStaticText[contains(@name,'Valor invalido')]</failure><system-err>No se pudo interactuar con el elemento: //XCUIElementTypeStaticText[contains(@name,'Valor invalido')]
daviplata.nacional.iOS.utilidades.UtilidadesTCS.obtenerTexto(UtilidadesTCS.java:162)
daviplata.nacional.iOS.steps.EcardSteps.validarMensajeDeTopes(EcardSteps.java:399)
daviplata.nacional.iOS.definitions.EcardDefinitions.validarMensajeDeTopesEnTarjetaVirtual(EcardDefinitions.java:200)
✽.Validar mensaje de topes en tarjeta virtual(src/test/resources/features/Ecard.feature:148)
</system-err></testcase><testcase name="CP0860M_SYS_Validar que se pueda consultar los datos de la eCard, dando clic al logo de la tarjeta"/><testcase name="CP0950M_SYS_Validar que se visualicen los movimientos de la eCard"/><testcase name="CP0960M_SYS_Validar que se pueda bloquear la eCard"/></testsuite>